<?xml version="1.0" encoding="UTF-8"?>
<testsuite xmlns:xsi="http://www.w3.org/2001/XMLSchema-instance" xsi:noNamespaceSchemaLocation="https://maven.apache.org/surefire/maven-surefire-plugin/xsd/surefire-test-report.xsd" name="com.example.demo.DemoApplicationTests" time="3.209" tests="1" errors="0" skipped="0" failures="0">
  <properties>
    <property name="java.specification.version" value="19"/>
    <property name="sun.cpu.isalist" value="amd64"/>
    <property name="sun.jnu.encoding" value="Cp1252"/>
    <property name="java.class.path" value="C:\Users\keith.lai\git\temp\java-docs-spring-hello-world\target\test-classes;C:\Users\keith.lai\git\temp\java-docs-spring-hello-world\target\classes;C:\Users\keith.lai\.m2\repository\org\springframework\boot\spring-boot-starter-web\2.6.7\spring-boot-starter-web-2.6.7.jar;C:\Users\keith.lai\.m2\repository\org\springframework\boot\spring-boot-starter\2.6.7\spring-boot-starter-2.6.7.jar;C:\Users\keith.lai\.m2\repository\org\springframework\boot\spring-boot\2.6.7\spring-boot-2.6.7.jar;C:\Users\keith.lai\.m2\repository\org\springframework\boot\spring-boot-autoconfigure\2.6.7\spring-boot-autoconfigure-2.6.7.jar;C:\Users\keith.lai\.m2\repository\org\springframework\boot\spring-boot-starter-logging\2.6.7\spring-boot-starter-logging-2.6.7.jar;C:\Users\keith.lai\.m2\repository\ch\qos\logback\logback-classic\1.2.11\logback-classic-1.2.11.jar;C:\Users\keith.lai\.m2\repository\ch\qos\logback\logback-core\1.2.11\logback-core-1.2.11.jar;C:\Users\keith.lai\.m2\repository\org\apache\logging\log4j\log4j-to-slf4j\2.17.2\log4j-to-slf4j-2.17.2.jar;C:\Users\keith.lai\.m2\repository\org\apache\logging\log4j\log4j-api\2.17.2\log4j-api-2.17.2.jar;C:\Users\keith.lai\.m2\repository\org\slf4j\jul-to-slf4j\1.7.36\jul-to-slf4j-1.7.36.jar;C:\Users\keith.lai\.m2\repository\jakarta\annotation\jakarta.annotation-api\1.3.5\jakarta.annotation-api-1.3.5.jar;C:\Users\keith.lai\.m2\repository\org\yaml\snakeyaml\1.29\snakeyaml-1.29.jar;C:\Users\keith.lai\.m2\repository\org\springframework\boot\spring-boot-starter-json\2.6.7\spring-boot-starter-json-2.6.7.jar;C:\Users\keith.lai\.m2\repository\com\fasterxml\jackson\core\jackson-databind\2.13.2.1\jackson-databind-2.13.2.1.jar;C:\Users\keith.lai\.m2\repository\com\fasterxml\jackson\core\jackson-annotations\2.13.2\jackson-annotations-2.13.2.jar;C:\Users\keith.lai\.m2\repository\com\fasterxml\jackson\datatype\jackson-datatype-jdk8\2.13.2\jackson-datatype-jdk8-2.13.2.jar;C:\Users\keith.lai\.m2\repository\com\fasterxml\jackson\datatype\jackson-datatype-jsr310\2.13.2\jackson-datatype-jsr310-2.13.2.jar;C:\Users\keith.lai\.m2\repository\com\fasterxml\jackson\module\jackson-module-parameter-names\2.13.2\jackson-module-parameter-names-2.13.2.jar;C:\Users\keith.lai\.m2\repository\org\springframework\boot\spring-boot-starter-tomcat\2.6.7\spring-boot-starter-tomcat-2.6.7.jar;C:\Users\keith.lai\.m2\repository\org\apache\tomcat\embed\tomcat-embed-core\9.0.62\tomcat-embed-core-9.0.62.jar;C:\Users\keith.lai\.m2\repository\org\apache\tomcat\embed\tomcat-embed-el\9.0.62\tomcat-embed-el-9.0.62.jar;C:\Users\keith.lai\.m2\repository\org\apache\tomcat\embed\tomcat-embed-websocket\9.0.62\tomcat-embed-websocket-9.0.62.jar;C:\Users\keith.lai\.m2\repository\org\springframework\spring-web\5.3.19\spring-web-5.3.19.jar;C:\Users\keith.lai\.m2\repository\org\springframework\spring-beans\5.3.19\spring-beans-5.3.19.jar;C:\Users\keith.lai\.m2\repository\org\springframework\spring-webmvc\5.3.19\spring-webmvc-5.3.19.jar;C:\Users\keith.lai\.m2\repository\org\springframework\spring-aop\5.3.19\spring-aop-5.3.19.jar;C:\Users\keith.lai\.m2\repository\org\springframework\spring-context\5.3.19\spring-context-5.3.19.jar;C:\Users\keith.lai\.m2\repository\org\springframework\spring-expression\5.3.19\spring-expression-5.3.19.jar;C:\Users\keith.lai\.m2\repository\org\springframework\boot\spring-boot-starter-test\2.6.7\spring-boot-starter-test-2.6.7.jar;C:\Users\keith.lai\.m2\repository\org\springframework\boot\spring-boot-test\2.6.7\spring-boot-test-2.6.7.jar;C:\Users\keith.lai\.m2\repository\org\springframework\boot\spring-boot-test-autoconfigure\2.6.7\spring-boot-test-autoconfigure-2.6.7.jar;C:\Users\keith.lai\.m2\repository\com\jayway\jsonpath\json-path\2.6.0\json-path-2.6.0.jar;C:\Users\keith.lai\.m2\repository\net\minidev\json-smart\2.4.8\json-smart-2.4.8.jar;C:\Users\keith.lai\.m2\repository\net\minidev\accessors-smart\2.4.8\accessors-smart-2.4.8.jar;C:\Users\keith.lai\.m2\repository\org\ow2\asm\asm\9.1\asm-9.1.jar;C:\Users\keith.lai\.m2\repository\org\slf4j\slf4j-api\1.7.36\slf4j-api-1.7.36.jar;C:\Users\keith.lai\.m2\repository\jakarta\xml\bind\jakarta.xml.bind-api\2.3.3\jakarta.xml.bind-api-2.3.3.jar;C:\Users\keith.lai\.m2\repository\jakarta\activation\jakarta.activation-api\1.2.2\jakarta.activation-api-1.2.2.jar;C:\Users\keith.lai\.m2\repository\org\assertj\assertj-core\3.21.0\assertj-core-3.21.0.jar;C:\Users\keith.lai\.m2\repository\org\hamcrest\hamcrest\2.2\hamcrest-2.2.jar;C:\Users\keith.lai\.m2\repository\org\junit\jupiter\junit-jupiter\5.8.2\junit-jupiter-5.8.2.jar;C:\Users\keith.lai\.m2\repository\org\junit\jupiter\junit-jupiter-api\5.8.2\junit-jupiter-api-5.8.2.jar;C:\Users\keith.lai\.m2\repository\org\opentest4j\opentest4j\1.2.0\opentest4j-1.2.0.jar;C:\Users\keith.lai\.m2\repository\org\junit\platform\junit-platform-commons\1.8.2\junit-platform-commons-1.8.2.jar;C:\Users\keith.lai\.m2\repository\org\apiguardian\apiguardian-api\1.1.2\apiguardian-api-1.1.2.jar;C:\Users\keith.lai\.m2\repository\org\junit\jupiter\junit-jupiter-params\5.8.2\junit-jupiter-params-5.8.2.jar;C:\Users\keith.lai\.m2\repository\org\junit\jupiter\junit-jupiter-engine\5.8.2\junit-jupiter-engine-5.8.2.jar;C:\Users\keith.lai\.m2\repository\org\junit\platform\junit-platform-engine\1.8.2\junit-platform-engine-1.8.2.jar;C:\Users\keith.lai\.m2\repository\org\mockito\mockito-core\4.0.0\mockito-core-4.0.0.jar;C:\Users\keith.lai\.m2\repository\net\bytebuddy\byte-buddy\1.11.22\byte-buddy-1.11.22.jar;C:\Users\keith.lai\.m2\repository\net\bytebuddy\byte-buddy-agent\1.11.22\byte-buddy-agent-1.11.22.jar;C:\Users\keith.lai\.m2\repository\org\objenesis\objenesis\3.2\objenesis-3.2.jar;C:\Users\keith.lai\.m2\repository\org\mockito\mockito-junit-jupiter\4.0.0\mockito-junit-jupiter-4.0.0.jar;C:\Users\keith.lai\.m2\repository\org\skyscreamer\jsonassert\1.5.0\jsonassert-1.5.0.jar;C:\Users\keith.lai\.m2\repository\com\vaadin\external\google\android-json\0.0.20131108.vaadin1\android-json-0.0.20131108.vaadin1.jar;C:\Users\keith.lai\.m2\repository\org\springframework\spring-core\5.3.19\spring-core-5.3.19.jar;C:\Users\keith.lai\.m2\repository\org\springframework\spring-jcl\5.3.19\spring-jcl-5.3.19.jar;C:\Users\keith.lai\.m2\repository\org\springframework\spring-test\5.3.19\spring-test-5.3.19.jar;C:\Users\keith.lai\.m2\repository\org\xmlunit\xmlunit-core\2.8.4\xmlunit-core-2.8.4.jar;C:\Users\keith.lai\.m2\repository\org\apache\httpcomponents\httpclient\4.5.13\httpclient-4.5.13.jar;C:\Users\keith.lai\.m2\repository\org\apache\httpcomponents\httpcore\4.4.15\httpcore-4.4.15.jar;C:\Users\keith.lai\.m2\repository\commons-codec\commons-codec\1.15\commons-codec-1.15.jar;C:\Users\keith.lai\.m2\repository\com\microsoft\azure\azure-webapp-maven-plugin\2.12.0\azure-webapp-maven-plugin-2.12.0.jar;C:\Users\keith.lai\.m2\repository\com\microsoft\azure\azure-toolkit-appservice-lib\0.35.0\azure-toolkit-appservice-lib-0.35.0.jar;C:\Users\keith.lai\.m2\repository\org\apache\commons\commons-lang3\3.12.0\commons-lang3-3.12.0.jar;C:\Users\keith.lai\.m2\repository\com\google\guava\guava\32.0.1-jre\guava-32.0.1-jre.jar;C:\Users\keith.lai\.m2\repository\com\google\guava\failureaccess\1.0.1\failureaccess-1.0.1.jar;C:\Users\keith.lai\.m2\repository\com\google\guava\listenablefuture\9999.0-empty-to-avoid-conflict-with-guava\listenablefuture-9999.0-empty-to-avoid-conflict-with-guava.jar;C:\Users\keith.lai\.m2\repository\com\google\code\findbugs\jsr305\3.0.2\jsr305-3.0.2.jar;C:\Users\keith.lai\.m2\repository\org\checkerframework\checker-qual\3.33.0\checker-qual-3.33.0.jar;C:\Users\keith.lai\.m2\repository\com\google\j2objc\j2objc-annotations\2.8\j2objc-annotations-2.8.jar;C:\Users\keith.lai\.m2\repository\com\azure\azure-storage-blob\12.19.1\azure-storage-blob-12.19.1.jar;C:\Users\keith.lai\.m2\repository\com\azure\azure-core-http-netty\1.12.5\azure-core-http-netty-1.12.5.jar;C:\Users\keith.lai\.m2\repository\io\netty\netty-handler\4.1.76.Final\netty-handler-4.1.76.Final.jar;C:\Users\keith.lai\.m2\repository\io\netty\netty-common\4.1.76.Final\netty-common-4.1.76.Final.jar;C:\Users\keith.lai\.m2\repository\io\netty\netty-resolver\4.1.76.Final\netty-resolver-4.1.76.Final.jar;C:\Users\keith.lai\.m2\repository\io\netty\netty-transport\4.1.76.Final\netty-transport-4.1.76.Final.jar;C:\Users\keith.lai\.m2\repository\io\netty\netty-codec\4.1.76.Final\netty-codec-4.1.76.Final.jar;C:\Users\keith.lai\.m2\repository\io\netty\netty-handler-proxy\4.1.76.Final\netty-handler-proxy-4.1.76.Final.jar;C:\Users\keith.lai\.m2\repository\io\netty\netty-codec-socks\4.1.76.Final\netty-codec-socks-4.1.76.Final.jar;C:\Users\keith.lai\.m2\repository\io\netty\netty-buffer\4.1.76.Final\netty-buffer-4.1.76.Final.jar;C:\Users\keith.lai\.m2\repository\io\netty\netty-codec-http\4.1.76.Final\netty-codec-http-4.1.76.Final.jar;C:\Users\keith.lai\.m2\repository\io\netty\netty-codec-http2\4.1.76.Final\netty-codec-http2-4.1.76.Final.jar;C:\Users\keith.lai\.m2\repository\io\netty\netty-transport-native-unix-common\4.1.76.Final\netty-transport-native-unix-common-4.1.76.Final.jar;C:\Users\keith.lai\.m2\repository\io\netty\netty-transport-native-epoll\4.1.76.Final\netty-transport-native-epoll-4.1.76.Final-linux-x86_64.jar;C:\Users\keith.lai\.m2\repository\io\netty\netty-transport-classes-epoll\4.1.76.Final\netty-transport-classes-epoll-4.1.76.Final.jar;C:\Users\keith.lai\.m2\repository\io\netty\netty-transport-native-kqueue\4.1.76.Final\netty-transport-native-kqueue-4.1.76.Final-osx-x86_64.jar;C:\Users\keith.lai\.m2\repository\io\netty\netty-transport-classes-kqueue\4.1.76.Final\netty-transport-classes-kqueue-4.1.76.Final.jar;C:\Users\keith.lai\.m2\repository\io\netty\netty-tcnative-boringssl-static\2.0.51.Final\netty-tcnative-boringssl-static-2.0.51.Final.jar;C:\Users\keith.lai\.m2\repository\io\netty\netty-tcnative-classes\2.0.51.Final\netty-tcnative-classes-2.0.51.Final.jar;C:\Users\keith.lai\.m2\repository\io\netty\netty-tcnative-boringssl-static\2.0.51.Final\netty-tcnative-boringssl-static-2.0.51.Final-linux-x86_64.jar;C:\Users\keith.lai\.m2\repository\io\netty\netty-tcnative-boringssl-static\2.0.51.Final\netty-tcnative-boringssl-static-2.0.51.Final-linux-aarch_64.jar;C:\Users\keith.lai\.m2\repository\io\netty\netty-tcnative-boringssl-static\2.0.51.Final\netty-tcnative-boringssl-static-2.0.51.Final-osx-x86_64.jar;C:\Users\keith.lai\.m2\repository\io\netty\netty-tcnative-boringssl-static\2.0.51.Final\netty-tcnative-boringssl-static-2.0.51.Final-osx-aarch_64.jar;C:\Users\keith.lai\.m2\repository\io\netty\netty-tcnative-boringssl-static\2.0.51.Final\netty-tcnative-boringssl-static-2.0.51.Final-windows-x86_64.jar;C:\Users\keith.lai\.m2\repository\io\projectreactor\netty\reactor-netty-http\1.0.18\reactor-netty-http-1.0.18.jar;C:\Users\keith.lai\.m2\repository\io\netty\netty-resolver-dns\4.1.76.Final\netty-resolver-dns-4.1.76.Final.jar;C:\Users\keith.lai\.m2\repository\io\netty\netty-codec-dns\4.1.76.Final\netty-codec-dns-4.1.76.Final.jar;C:\Users\keith.lai\.m2\repository\io\netty\netty-resolver-dns-native-macos\4.1.76.Final\netty-resolver-dns-native-macos-4.1.76.Final-osx-x86_64.jar;C:\Users\keith.lai\.m2\repository\io\netty\netty-resolver-dns-classes-macos\4.1.76.Final\netty-resolver-dns-classes-macos-4.1.76.Final.jar;C:\Users\keith.lai\.m2\repository\io\projectreactor\netty\reactor-netty-core\1.0.18\reactor-netty-core-1.0.18.jar;C:\Users\keith.lai\.m2\repository\com\azure\azure-storage-common\12.18.1\azure-storage-common-12.18.1.jar;C:\Users\keith.lai\.m2\repository\com\azure\azure-storage-internal-avro\12.4.2\azure-storage-internal-avro-12.4.2.jar;C:\Users\keith.lai\.m2\repository\com\fasterxml\jackson\dataformat\jackson-dataformat-xml\2.13.2\jackson-dataformat-xml-2.13.2.jar;C:\Users\keith.lai\.m2\repository\org\codehaus\woodstox\stax2-api\4.2.1\stax2-api-4.2.1.jar;C:\Users\keith.lai\.m2\repository\com\fasterxml\woodstox\woodstox-core\6.2.7\woodstox-core-6.2.7.jar;C:\Users\keith.lai\.m2\repository\com\microsoft\azure\azure-toolkit-common-lib\0.35.0\azure-toolkit-common-lib-0.35.0.jar;C:\Users\keith.lai\.m2\repository\com\networknt\json-schema-validator\1.0.70\json-schema-validator-1.0.70.jar;C:\Users\keith.lai\.m2\repository\com\ethlo\time\itu\1.5.1\itu-1.5.1.jar;C:\Users\keith.lai\.m2\repository\org\aspectj\aspectjrt\1.9.7\aspectjrt-1.9.7.jar;C:\Users\keith.lai\.m2\repository\org\aspectj\aspectjweaver\1.9.7\aspectjweaver-1.9.7.jar;C:\Users\keith.lai\.m2\repository\org\apache\commons\commons-exec\1.3\commons-exec-1.3.jar;C:\Users\keith.lai\.m2\repository\commons-io\commons-io\2.11.0\commons-io-2.11.0.jar;C:\Users\keith.lai\.m2\repository\com\github\ben-manes\caffeine\caffeine\2.9.3\caffeine-2.9.3.jar;C:\Users\keith.lai\.m2\repository\com\google\errorprone\error_prone_annotations\2.10.0\error_prone_annotations-2.10.0.jar;C:\Users\keith.lai\.m2\repository\org\fusesource\jansi\jansi\2.4.0\jansi-2.4.0.jar;C:\Users\keith.lai\.m2\repository\io\reactivex\rxjava\1.3.8\rxjava-1.3.8.jar;C:\Users\keith.lai\.m2\repository\org\jetbrains\annotations\23.0.0\annotations-23.0.0.jar;C:\Users\keith.lai\.m2\repository\org\codehaus\groovy\groovy-templates\3.0.10\groovy-templates-3.0.10.jar;C:\Users\keith.lai\.m2\repository\org\codehaus\groovy\groovy\3.0.10\groovy-3.0.10.jar;C:\Users\keith.lai\.m2\repository\org\codehaus\groovy\groovy-xml\3.0.10\groovy-xml-3.0.10.jar;C:\Users\keith.lai\.m2\repository\com\microsoft\azure\applicationinsights-web\2.6.4\applicationinsights-web-2.6.4.jar;C:\Users\keith.lai\.m2\repository\com\microsoft\azure\azure-toolkit-auth-lib\0.35.0\azure-toolkit-auth-lib-0.35.0.jar;C:\Users\keith.lai\.m2\repository\com\azure\azure-identity\1.8.2\azure-identity-1.8.2.jar;C:\Users\keith.lai\.m2\repository\com\microsoft\azure\msal4j\1.13.7\msal4j-1.13.7.jar;C:\Users\keith.lai\.m2\repository\com\nimbusds\oauth2-oidc-sdk\9.35\oauth2-oidc-sdk-9.35.jar;C:\Users\keith.lai\.m2\repository\com\github\stephenc\jcip\jcip-annotations\1.0-1\jcip-annotations-1.0-1.jar;C:\Users\keith.lai\.m2\repository\com\nimbusds\content-type\2.2\content-type-2.2.jar;C:\Users\keith.lai\.m2\repository\com\nimbusds\lang-tag\1.6\lang-tag-1.6.jar;C:\Users\keith.lai\.m2\repository\com\nimbusds\nimbus-jose-jwt\9.22\nimbus-jose-jwt-9.22.jar;C:\Users\keith.lai\.m2\repository\com\microsoft\azure\msal4j-persistence-extension\1.1.0\msal4j-persistence-extension-1.1.0.jar;C:\Users\keith.lai\.m2\repository\net\java\dev\jna\jna\5.5.0\jna-5.5.0.jar;C:\Users\keith.lai\.m2\repository\net\java\dev\jna\jna-platform\5.6.0\jna-platform-5.6.0.jar;C:\Users\keith.lai\.m2\repository\me\alexpanov\free-port-finder\1.1.1\free-port-finder-1.1.1.jar;C:\Users\keith.lai\.m2\repository\org\reflections\reflections\0.10.2\reflections-0.10.2.jar;C:\Users\keith.lai\.m2\repository\org\javassist\javassist\3.28.0-GA\javassist-3.28.0-GA.jar;C:\Users\keith.lai\.m2\repository\com\github\zafarkhaja\java-semver\0.9.0\java-semver-0.9.0.jar;C:\Users\keith.lai\.m2\repository\org\zeroturnaround\zt-zip\1.15\zt-zip-1.15.jar;C:\Users\keith.lai\.m2\repository\commons-net\commons-net\3.9.0\commons-net-3.9.0.jar;C:\Users\keith.lai\.m2\repository\com\microsoft\azure\azure-toolkit-applicationinsights-lib\0.35.0\azure-toolkit-applicationinsights-lib-0.35.0.jar;C:\Users\keith.lai\.m2\repository\org\projectlombok\lombok\1.18.24\lombok-1.18.24.jar;C:\Users\keith.lai\.m2\repository\com\azure\resourcemanager\azure-resourcemanager-applicationinsights\1.0.0-beta.5\azure-resourcemanager-applicationinsights-1.0.0-beta.5.jar;C:\Users\keith.lai\.m2\repository\com\azure\resourcemanager\azure-resourcemanager-loganalytics\1.0.0-beta.3\azure-resourcemanager-loganalytics-1.0.0-beta.3.jar;C:\Users\keith.lai\.m2\repository\com\microsoft\azure\azure-toolkit-monitor-lib\0.35.0\azure-toolkit-monitor-lib-0.35.0.jar;C:\Users\keith.lai\.m2\repository\com\azure\azure-monitor-query\1.0.10\azure-monitor-query-1.0.10.jar;C:\Users\keith.lai\.m2\repository\com\microsoft\azure\azure-toolkit-storage-lib\0.35.0\azure-toolkit-storage-lib-0.35.0.jar;C:\Users\keith.lai\.m2\repository\com\azure\azure-storage-file-share\12.15.1\azure-storage-file-share-12.15.1.jar;C:\Users\keith.lai\.m2\repository\com\azure\azure-storage-queue\12.14.2\azure-storage-queue-12.14.2.jar;C:\Users\keith.lai\.m2\repository\com\azure\azure-data-tables\12.3.4\azure-data-tables-12.3.4.jar;C:\Users\keith.lai\.m2\repository\com\microsoft\azure\azure-toolkit-servicelinker-lib\0.35.0\azure-toolkit-servicelinker-lib-0.35.0.jar;C:\Users\keith.lai\.m2\repository\com\azure\resourcemanager\azure-resourcemanager-servicelinker\1.0.0-beta.2\azure-resourcemanager-servicelinker-1.0.0-beta.2.jar;C:\Users\keith.lai\.m2\repository\org\dom4j\dom4j\2.1.3\dom4j-2.1.3.jar;C:\Users\keith.lai\.m2\repository\org\apache\commons\commons-collections4\4.4\commons-collections4-4.4.jar;C:\Users\keith.lai\.m2\repository\org\apache\maven\maven-plugin-api\3.3.3\maven-plugin-api-3.3.3.jar;C:\Users\keith.lai\.m2\repository\org\apache\maven\maven-artifact\3.3.3\maven-artifact-3.3.3.jar;C:\Users\keith.lai\.m2\repository\org\eclipse\sisu\org.eclipse.sisu.plexus\0.3.0\org.eclipse.sisu.plexus-0.3.0.jar;C:\Users\keith.lai\.m2\repository\javax\enterprise\cdi-api\1.0\cdi-api-1.0.jar;C:\Users\keith.lai\.m2\repository\javax\annotation\jsr250-api\1.0\jsr250-api-1.0.jar;C:\Users\keith.lai\.m2\repository\javax\inject\javax.inject\1\javax.inject-1.jar;C:\Users\keith.lai\.m2\repository\org\eclipse\sisu\org.eclipse.sisu.inject\0.3.0\org.eclipse.sisu.inject-0.3.0.jar;C:\Users\keith.lai\.m2\repository\org\codehaus\plexus\plexus-component-annotations\1.5.5\plexus-component-annotations-1.5.5.jar;C:\Users\keith.lai\.m2\repository\org\codehaus\plexus\plexus-classworlds\2.5.2\plexus-classworlds-2.5.2.jar;C:\Users\keith.lai\.m2\repository\org\apache\maven\maven-settings\3.3.3\maven-settings-3.3.3.jar;C:\Users\keith.lai\.m2\repository\org\apache\maven\maven-model\3.3.3\maven-model-3.3.3.jar;C:\Users\keith.lai\.m2\repository\org\codehaus\plexus\plexus-utils\3.4.2\plexus-utils-3.4.2.jar;C:\Users\keith.lai\.m2\repository\com\microsoft\azure\azure-maven-plugin-lib\1.31.0\azure-maven-plugin-lib-1.31.0.jar;C:\Users\keith.lai\.m2\repository\org\apache\maven\shared\maven-filtering\3.2.0\maven-filtering-3.2.0.jar;C:\Users\keith.lai\.m2\repository\org\apache\maven\maven-core\3.1.0\maven-core-3.1.0.jar;C:\Users\keith.lai\.m2\repository\org\apache\maven\maven-settings-builder\3.1.0\maven-settings-builder-3.1.0.jar;C:\Users\keith.lai\.m2\repository\org\apache\maven\maven-repository-metadata\3.1.0\maven-repository-metadata-3.1.0.jar;C:\Users\keith.lai\.m2\repository\org\apache\maven\maven-model-builder\3.1.0\maven-model-builder-3.1.0.jar;C:\Users\keith.lai\.m2\repository\org\apache\maven\maven-aether-provider\3.1.0\maven-aether-provider-3.1.0.jar;C:\Users\keith.lai\.m2\repository\org\eclipse\aether\aether-spi\0.9.0.M2\aether-spi-0.9.0.M2.jar;C:\Users\keith.lai\.m2\repository\org\eclipse\aether\aether-impl\0.9.0.M2\aether-impl-0.9.0.M2.jar;C:\Users\keith.lai\.m2\repository\org\eclipse\aether\aether-api\0.9.0.M2\aether-api-0.9.0.M2.jar;C:\Users\keith.lai\.m2\repository\org\eclipse\aether\aether-util\0.9.0.M2\aether-util-0.9.0.M2.jar;C:\Users\keith.lai\.m2\repository\org\sonatype\plexus\plexus-sec-dispatcher\1.3\plexus-sec-dispatcher-1.3.jar;C:\Users\keith.lai\.m2\repository\org\sonatype\plexus\plexus-cipher\1.4\plexus-cipher-1.4.jar;C:\Users\keith.lai\.m2\repository\org\apache\maven\shared\maven-shared-utils\3.3.3\maven-shared-utils-3.3.3.jar;C:\Users\keith.lai\.m2\repository\org\codehaus\plexus\plexus-interpolation\1.26\plexus-interpolation-1.26.jar;C:\Users\keith.lai\.m2\repository\org\sonatype\plexus\plexus-build-api\0.0.7\plexus-build-api-0.0.7.jar;C:\Users\keith.lai\.m2\repository\com\microsoft\azure\applicationinsights-core\2.6.4\applicationinsights-core-2.6.4.jar;C:\Users\keith.lai\.m2\repository\org\beryx\text-io\3.4.1\text-io-3.4.1.jar;C:\Users\keith.lai\.m2\repository\jline\jline\2.14.6\jline-2.14.6.jar;C:\Users\keith.lai\.m2\repository\org\beryx\awt-color-factory\1.0.1\awt-color-factory-1.0.1.jar;C:\Users\keith.lai\.m2\repository\org\glassfish\jaxb\jaxb-runtime\2.3.6\jaxb-runtime-2.3.6.jar;C:\Users\keith.lai\.m2\repository\org\glassfish\jaxb\txw2\2.3.6\txw2-2.3.6.jar;C:\Users\keith.lai\.m2\repository\com\sun\istack\istack-commons-runtime\3.0.12\istack-commons-runtime-3.0.12.jar;C:\Users\keith.lai\.m2\repository\com\sun\activation\jakarta.activation\1.2.2\jakarta.activation-1.2.2.jar;C:\Users\keith.lai\.m2\repository\com\github\java-json-tools\json-schema-validator\2.2.14\json-schema-validator-2.2.14.jar;C:\Users\keith.lai\.m2\repository\com\github\java-json-tools\jackson-coreutils-equivalence\1.0\jackson-coreutils-equivalence-1.0.jar;C:\Users\keith.lai\.m2\repository\com\github\java-json-tools\jackson-coreutils\2.0\jackson-coreutils-2.0.jar;C:\Users\keith.lai\.m2\repository\com\github\java-json-tools\msg-simple\1.2\msg-simple-1.2.jar;C:\Users\keith.lai\.m2\repository\com\github\java-json-tools\btf\1.3\btf-1.3.jar;C:\Users\keith.lai\.m2\repository\com\github\java-json-tools\json-schema-core\1.2.14\json-schema-core-1.2.14.jar;C:\Users\keith.lai\.m2\repository\com\github\java-json-tools\uri-template\0.10\uri-template-0.10.jar;C:\Users\keith.lai\.m2\repository\org\mozilla\rhino\1.7.7.2\rhino-1.7.7.2.jar;C:\Users\keith.lai\.m2\repository\com\sun\mail\mailapi\1.6.2\mailapi-1.6.2.jar;C:\Users\keith.lai\.m2\repository\joda-time\joda-time\2.10.5\joda-time-2.10.5.jar;C:\Users\keith.lai\.m2\repository\com\googlecode\libphonenumber\libphonenumber\8.11.1\libphonenumber-8.11.1.jar;C:\Users\keith.lai\.m2\repository\net\sf\jopt-simple\jopt-simple\5.0.4\jopt-simple-5.0.4.jar;C:\Users\keith.lai\.m2\repository\com\microsoft\azure\azure-appservice-maven-plugin-lib\1.31.0\azure-appservice-maven-plugin-lib-1.31.0.jar;C:\Users\keith.lai\.m2\repository\org\apache\maven\plugin-tools\maven-plugin-annotations\3.3\maven-plugin-annotations-3.3.jar;C:\Users\keith.lai\.m2\repository\com\fasterxml\jackson\dataformat\jackson-dataformat-properties\2.13.2\jackson-dataformat-properties-2.13.2.jar;C:\Users\keith.lai\.m2\repository\com\fasterxml\jackson\core\jackson-core\2.13.2\jackson-core-2.13.2.jar;C:\Users\keith.lai\.m2\repository\com\azure\resourcemanager\azure-resourcemanager-appservice\2.30.0\azure-resourcemanager-appservice-2.30.0.jar;C:\Users\keith.lai\.m2\repository\com\azure\resourcemanager\azure-resourcemanager-resources\2.30.0\azure-resourcemanager-resources-2.30.0.jar;C:\Users\keith.lai\.m2\repository\com\azure\azure-core\1.42.0\azure-core-1.42.0.jar;C:\Users\keith.lai\.m2\repository\com\azure\azure-json\1.0.1\azure-json-1.0.1.jar;C:\Users\keith.lai\.m2\repository\io\projectreactor\reactor-core\3.4.17\reactor-core-3.4.17.jar;C:\Users\keith.lai\.m2\repository\org\reactivestreams\reactive-streams\1.0.3\reactive-streams-1.0.3.jar;C:\Users\keith.lai\.m2\repository\com\azure\azure-core-management\1.11.4\azure-core-management-1.11.4.jar;C:\Users\keith.lai\.m2\repository\com\azure\resourcemanager\azure-resourcemanager-storage\2.30.0\azure-resourcemanager-storage-2.30.0.jar;C:\Users\keith.lai\.m2\repository\com\azure\resourcemanager\azure-resourcemanager-msi\2.30.0\azure-resourcemanager-msi-2.30.0.jar;C:\Users\keith.lai\.m2\repository\com\azure\resourcemanager\azure-resourcemanager-authorization\2.30.0\azure-resourcemanager-authorization-2.30.0.jar;C:\Users\keith.lai\.m2\repository\com\azure\resourcemanager\azure-resourcemanager-keyvault\2.30.0\azure-resourcemanager-keyvault-2.30.0.jar;C:\Users\keith.lai\.m2\repository\com\azure\azure-security-keyvault-keys\4.6.5\azure-security-keyvault-keys-4.6.5.jar;C:\Users\keith.lai\.m2\repository\com\azure\azure-security-keyvault-secrets\4.6.5\azure-security-keyvault-secrets-4.6.5.jar;C:\Users\keith.lai\.m2\repository\com\azure\resourcemanager\azure-resourcemanager-dns\2.30.0\azure-resourcemanager-dns-2.30.0.jar;"/>
    <property name="java.vm.vendor" value="Oracle Corporation"/>
    <property name="sun.arch.data.model" value="64"/>
    <property name="user.variant" value=""/>
    <property name="java.vendor.url" value="https://java.oracle.com/"/>
    <property name="user.timezone" value="Asia/Hong_Kong"/>
    <property name="user.country.format" value="HK"/>
    <property name="os.name" value="Windows 10"/>
    <property name="java.vm.specification.version" value="19"/>
    <property name="sun.java.launcher" value="SUN_STANDARD"/>
    <property name="user.country" value="US"/>
    <property name="sun.boot.library.path" value="C:\Users\keith.lai\AppData\Roaming\java\jdk-19.0.2\bin"/>
    <property name="sun.java.command" value="C:\Users\keith.lai\AppData\Local\Temp\surefire17251422123411669667\surefirebooter4598835249095375924.jar C:\Users\keith.lai\AppData\Local\Temp\surefire17251422123411669667 2023-09-25T16-08-39_020-jvmRun1 surefire6528059768000339417tmp surefire_017975339481210945328tmp"/>
    <property name="jdk.debug" value="release"/>
    <property name="surefire.test.class.path" value="C:\Users\keith.lai\git\temp\java-docs-spring-hello-world\target\test-classes;C:\Users\keith.lai\git\temp\java-docs-spring-hello-world\target\classes;C:\Users\keith.lai\.m2\repository\org\springframework\boot\spring-boot-starter-web\2.6.7\spring-boot-starter-web-2.6.7.jar;C:\Users\keith.lai\.m2\repository\org\springframework\boot\spring-boot-starter\2.6.7\spring-boot-starter-2.6.7.jar;C:\Users\keith.lai\.m2\repository\org\springframework\boot\spring-boot\2.6.7\spring-boot-2.6.7.jar;C:\Users\keith.lai\.m2\repository\org\springframework\boot\spring-boot-autoconfigure\2.6.7\spring-boot-autoconfigure-2.6.7.jar;C:\Users\keith.lai\.m2\repository\org\springframework\boot\spring-boot-starter-logging\2.6.7\spring-boot-starter-logging-2.6.7.jar;C:\Users\keith.lai\.m2\repository\ch\qos\logback\logback-classic\1.2.11\logback-classic-1.2.11.jar;C:\Users\keith.lai\.m2\repository\ch\qos\logback\logback-core\1.2.11\logback-core-1.2.11.jar;C:\Users\keith.lai\.m2\repository\org\apache\logging\log4j\log4j-to-slf4j\2.17.2\log4j-to-slf4j-2.17.2.jar;C:\Users\keith.lai\.m2\repository\org\apache\logging\log4j\log4j-api\2.17.2\log4j-api-2.17.2.jar;C:\Users\keith.lai\.m2\repository\org\slf4j\jul-to-slf4j\1.7.36\jul-to-slf4j-1.7.36.jar;C:\Users\keith.lai\.m2\repository\jakarta\annotation\jakarta.annotation-api\1.3.5\jakarta.annotation-api-1.3.5.jar;C:\Users\keith.lai\.m2\repository\org\yaml\snakeyaml\1.29\snakeyaml-1.29.jar;C:\Users\keith.lai\.m2\repository\org\springframework\boot\spring-boot-starter-json\2.6.7\spring-boot-starter-json-2.6.7.jar;C:\Users\keith.lai\.m2\repository\com\fasterxml\jackson\core\jackson-databind\2.13.2.1\jackson-databind-2.13.2.1.jar;C:\Users\keith.lai\.m2\repository\com\fasterxml\jackson\core\jackson-annotations\2.13.2\jackson-annotations-2.13.2.jar;C:\Users\keith.lai\.m2\repository\com\fasterxml\jackson\datatype\jackson-datatype-jdk8\2.13.2\jackson-datatype-jdk8-2.13.2.jar;C:\Users\keith.lai\.m2\repository\com\fasterxml\jackson\datatype\jackson-datatype-jsr310\2.13.2\jackson-datatype-jsr310-2.13.2.jar;C:\Users\keith.lai\.m2\repository\com\fasterxml\jackson\module\jackson-module-parameter-names\2.13.2\jackson-module-parameter-names-2.13.2.jar;C:\Users\keith.lai\.m2\repository\org\springframework\boot\spring-boot-starter-tomcat\2.6.7\spring-boot-starter-tomcat-2.6.7.jar;C:\Users\keith.lai\.m2\repository\org\apache\tomcat\embed\tomcat-embed-core\9.0.62\tomcat-embed-core-9.0.62.jar;C:\Users\keith.lai\.m2\repository\org\apache\tomcat\embed\tomcat-embed-el\9.0.62\tomcat-embed-el-9.0.62.jar;C:\Users\keith.lai\.m2\repository\org\apache\tomcat\embed\tomcat-embed-websocket\9.0.62\tomcat-embed-websocket-9.0.62.jar;C:\Users\keith.lai\.m2\repository\org\springframework\spring-web\5.3.19\spring-web-5.3.19.jar;C:\Users\keith.lai\.m2\repository\org\springframework\spring-beans\5.3.19\spring-beans-5.3.19.jar;C:\Users\keith.lai\.m2\repository\org\springframework\spring-webmvc\5.3.19\spring-webmvc-5.3.19.jar;C:\Users\keith.lai\.m2\repository\org\springframework\spring-aop\5.3.19\spring-aop-5.3.19.jar;C:\Users\keith.lai\.m2\repository\org\springframework\spring-context\5.3.19\spring-context-5.3.19.jar;C:\Users\keith.lai\.m2\repository\org\springframework\spring-expression\5.3.19\spring-expression-5.3.19.jar;C:\Users\keith.lai\.m2\repository\org\springframework\boot\spring-boot-starter-test\2.6.7\spring-boot-starter-test-2.6.7.jar;C:\Users\keith.lai\.m2\repository\org\springframework\boot\spring-boot-test\2.6.7\spring-boot-test-2.6.7.jar;C:\Users\keith.lai\.m2\repository\org\springframework\boot\spring-boot-test-autoconfigure\2.6.7\spring-boot-test-autoconfigure-2.6.7.jar;C:\Users\keith.lai\.m2\repository\com\jayway\jsonpath\json-path\2.6.0\json-path-2.6.0.jar;C:\Users\keith.lai\.m2\repository\net\minidev\json-smart\2.4.8\json-smart-2.4.8.jar;C:\Users\keith.lai\.m2\repository\net\minidev\accessors-smart\2.4.8\accessors-smart-2.4.8.jar;C:\Users\keith.lai\.m2\repository\org\ow2\asm\asm\9.1\asm-9.1.jar;C:\Users\keith.lai\.m2\repository\org\slf4j\slf4j-api\1.7.36\slf4j-api-1.7.36.jar;C:\Users\keith.lai\.m2\repository\jakarta\xml\bind\jakarta.xml.bind-api\2.3.3\jakarta.xml.bind-api-2.3.3.jar;C:\Users\keith.lai\.m2\repository\jakarta\activation\jakarta.activation-api\1.2.2\jakarta.activation-api-1.2.2.jar;C:\Users\keith.lai\.m2\repository\org\assertj\assertj-core\3.21.0\assertj-core-3.21.0.jar;C:\Users\keith.lai\.m2\repository\org\hamcrest\hamcrest\2.2\hamcrest-2.2.jar;C:\Users\keith.lai\.m2\repository\org\junit\jupiter\junit-jupiter\5.8.2\junit-jupiter-5.8.2.jar;C:\Users\keith.lai\.m2\repository\org\junit\jupiter\junit-jupiter-api\5.8.2\junit-jupiter-api-5.8.2.jar;C:\Users\keith.lai\.m2\repository\org\opentest4j\opentest4j\1.2.0\opentest4j-1.2.0.jar;C:\Users\keith.lai\.m2\repository\org\junit\platform\junit-platform-commons\1.8.2\junit-platform-commons-1.8.2.jar;C:\Users\keith.lai\.m2\repository\org\apiguardian\apiguardian-api\1.1.2\apiguardian-api-1.1.2.jar;C:\Users\keith.lai\.m2\repository\org\junit\jupiter\junit-jupiter-params\5.8.2\junit-jupiter-params-5.8.2.jar;C:\Users\keith.lai\.m2\repository\org\junit\jupiter\junit-jupiter-engine\5.8.2\junit-jupiter-engine-5.8.2.jar;C:\Users\keith.lai\.m2\repository\org\junit\platform\junit-platform-engine\1.8.2\junit-platform-engine-1.8.2.jar;C:\Users\keith.lai\.m2\repository\org\mockito\mockito-core\4.0.0\mockito-core-4.0.0.jar;C:\Users\keith.lai\.m2\repository\net\bytebuddy\byte-buddy\1.11.22\byte-buddy-1.11.22.jar;C:\Users\keith.lai\.m2\repository\net\bytebuddy\byte-buddy-agent\1.11.22\byte-buddy-agent-1.11.22.jar;C:\Users\keith.lai\.m2\repository\org\objenesis\objenesis\3.2\objenesis-3.2.jar;C:\Users\keith.lai\.m2\repository\org\mockito\mockito-junit-jupiter\4.0.0\mockito-junit-jupiter-4.0.0.jar;C:\Users\keith.lai\.m2\repository\org\skyscreamer\jsonassert\1.5.0\jsonassert-1.5.0.jar;C:\Users\keith.lai\.m2\repository\com\vaadin\external\google\android-json\0.0.20131108.vaadin1\android-json-0.0.20131108.vaadin1.jar;C:\Users\keith.lai\.m2\repository\org\springframework\spring-core\5.3.19\spring-core-5.3.19.jar;C:\Users\keith.lai\.m2\repository\org\springframework\spring-jcl\5.3.19\spring-jcl-5.3.19.jar;C:\Users\keith.lai\.m2\repository\org\springframework\spring-test\5.3.19\spring-test-5.3.19.jar;C:\Users\keith.lai\.m2\repository\org\xmlunit\xmlunit-core\2.8.4\xmlunit-core-2.8.4.jar;C:\Users\keith.lai\.m2\repository\org\apache\httpcomponents\httpclient\4.5.13\httpclient-4.5.13.jar;C:\Users\keith.lai\.m2\repository\org\apache\httpcomponents\httpcore\4.4.15\httpcore-4.4.15.jar;C:\Users\keith.lai\.m2\repository\commons-codec\commons-codec\1.15\commons-codec-1.15.jar;C:\Users\keith.lai\.m2\repository\com\microsoft\azure\azure-webapp-maven-plugin\2.12.0\azure-webapp-maven-plugin-2.12.0.jar;C:\Users\keith.lai\.m2\repository\com\microsoft\azure\azure-toolkit-appservice-lib\0.35.0\azure-toolkit-appservice-lib-0.35.0.jar;C:\Users\keith.lai\.m2\repository\org\apache\commons\commons-lang3\3.12.0\commons-lang3-3.12.0.jar;C:\Users\keith.lai\.m2\repository\com\google\guava\guava\32.0.1-jre\guava-32.0.1-jre.jar;C:\Users\keith.lai\.m2\repository\com\google\guava\failureaccess\1.0.1\failureaccess-1.0.1.jar;C:\Users\keith.lai\.m2\repository\com\google\guava\listenablefuture\9999.0-empty-to-avoid-conflict-with-guava\listenablefuture-9999.0-empty-to-avoid-conflict-with-guava.jar;C:\Users\keith.lai\.m2\repository\com\google\code\findbugs\jsr305\3.0.2\jsr305-3.0.2.jar;C:\Users\keith.lai\.m2\repository\org\checkerframework\checker-qual\3.33.0\checker-qual-3.33.0.jar;C:\Users\keith.lai\.m2\repository\com\google\j2objc\j2objc-annotations\2.8\j2objc-annotations-2.8.jar;C:\Users\keith.lai\.m2\repository\com\azure\azure-storage-blob\12.19.1\azure-storage-blob-12.19.1.jar;C:\Users\keith.lai\.m2\repository\com\azure\azure-core-http-netty\1.12.5\azure-core-http-netty-1.12.5.jar;C:\Users\keith.lai\.m2\repository\io\netty\netty-handler\4.1.76.Final\netty-handler-4.1.76.Final.jar;C:\Users\keith.lai\.m2\repository\io\netty\netty-common\4.1.76.Final\netty-common-4.1.76.Final.jar;C:\Users\keith.lai\.m2\repository\io\netty\netty-resolver\4.1.76.Final\netty-resolver-4.1.76.Final.jar;C:\Users\keith.lai\.m2\repository\io\netty\netty-transport\4.1.76.Final\netty-transport-4.1.76.Final.jar;C:\Users\keith.lai\.m2\repository\io\netty\netty-codec\4.1.76.Final\netty-codec-4.1.76.Final.jar;C:\Users\keith.lai\.m2\repository\io\netty\netty-handler-proxy\4.1.76.Final\netty-handler-proxy-4.1.76.Final.jar;C:\Users\keith.lai\.m2\repository\io\netty\netty-codec-socks\4.1.76.Final\netty-codec-socks-4.1.76.Final.jar;C:\Users\keith.lai\.m2\repository\io\netty\netty-buffer\4.1.76.Final\netty-buffer-4.1.76.Final.jar;C:\Users\keith.lai\.m2\repository\io\netty\netty-codec-http\4.1.76.Final\netty-codec-http-4.1.76.Final.jar;C:\Users\keith.lai\.m2\repository\io\netty\netty-codec-http2\4.1.76.Final\netty-codec-http2-4.1.76.Final.jar;C:\Users\keith.lai\.m2\repository\io\netty\netty-transport-native-unix-common\4.1.76.Final\netty-transport-native-unix-common-4.1.76.Final.jar;C:\Users\keith.lai\.m2\repository\io\netty\netty-transport-native-epoll\4.1.76.Final\netty-transport-native-epoll-4.1.76.Final-linux-x86_64.jar;C:\Users\keith.lai\.m2\repository\io\netty\netty-transport-classes-epoll\4.1.76.Final\netty-transport-classes-epoll-4.1.76.Final.jar;C:\Users\keith.lai\.m2\repository\io\netty\netty-transport-native-kqueue\4.1.76.Final\netty-transport-native-kqueue-4.1.76.Final-osx-x86_64.jar;C:\Users\keith.lai\.m2\repository\io\netty\netty-transport-classes-kqueue\4.1.76.Final\netty-transport-classes-kqueue-4.1.76.Final.jar;C:\Users\keith.lai\.m2\repository\io\netty\netty-tcnative-boringssl-static\2.0.51.Final\netty-tcnative-boringssl-static-2.0.51.Final.jar;C:\Users\keith.lai\.m2\repository\io\netty\netty-tcnative-classes\2.0.51.Final\netty-tcnative-classes-2.0.51.Final.jar;C:\Users\keith.lai\.m2\repository\io\netty\netty-tcnative-boringssl-static\2.0.51.Final\netty-tcnative-boringssl-static-2.0.51.Final-linux-x86_64.jar;C:\Users\keith.lai\.m2\repository\io\netty\netty-tcnative-boringssl-static\2.0.51.Final\netty-tcnative-boringssl-static-2.0.51.Final-linux-aarch_64.jar;C:\Users\keith.lai\.m2\repository\io\netty\netty-tcnative-boringssl-static\2.0.51.Final\netty-tcnative-boringssl-static-2.0.51.Final-osx-x86_64.jar;C:\Users\keith.lai\.m2\repository\io\netty\netty-tcnative-boringssl-static\2.0.51.Final\netty-tcnative-boringssl-static-2.0.51.Final-osx-aarch_64.jar;C:\Users\keith.lai\.m2\repository\io\netty\netty-tcnative-boringssl-static\2.0.51.Final\netty-tcnative-boringssl-static-2.0.51.Final-windows-x86_64.jar;C:\Users\keith.lai\.m2\repository\io\projectreactor\netty\reactor-netty-http\1.0.18\reactor-netty-http-1.0.18.jar;C:\Users\keith.lai\.m2\repository\io\netty\netty-resolver-dns\4.1.76.Final\netty-resolver-dns-4.1.76.Final.jar;C:\Users\keith.lai\.m2\repository\io\netty\netty-codec-dns\4.1.76.Final\netty-codec-dns-4.1.76.Final.jar;C:\Users\keith.lai\.m2\repository\io\netty\netty-resolver-dns-native-macos\4.1.76.Final\netty-resolver-dns-native-macos-4.1.76.Final-osx-x86_64.jar;C:\Users\keith.lai\.m2\repository\io\netty\netty-resolver-dns-classes-macos\4.1.76.Final\netty-resolver-dns-classes-macos-4.1.76.Final.jar;C:\Users\keith.lai\.m2\repository\io\projectreactor\netty\reactor-netty-core\1.0.18\reactor-netty-core-1.0.18.jar;C:\Users\keith.lai\.m2\repository\com\azure\azure-storage-common\12.18.1\azure-storage-common-12.18.1.jar;C:\Users\keith.lai\.m2\repository\com\azure\azure-storage-internal-avro\12.4.2\azure-storage-internal-avro-12.4.2.jar;C:\Users\keith.lai\.m2\repository\com\fasterxml\jackson\dataformat\jackson-dataformat-xml\2.13.2\jackson-dataformat-xml-2.13.2.jar;C:\Users\keith.lai\.m2\repository\org\codehaus\woodstox\stax2-api\4.2.1\stax2-api-4.2.1.jar;C:\Users\keith.lai\.m2\repository\com\fasterxml\woodstox\woodstox-core\6.2.7\woodstox-core-6.2.7.jar;C:\Users\keith.lai\.m2\repository\com\microsoft\azure\azure-toolkit-common-lib\0.35.0\azure-toolkit-common-lib-0.35.0.jar;C:\Users\keith.lai\.m2\repository\com\networknt\json-schema-validator\1.0.70\json-schema-validator-1.0.70.jar;C:\Users\keith.lai\.m2\repository\com\ethlo\time\itu\1.5.1\itu-1.5.1.jar;C:\Users\keith.lai\.m2\repository\org\aspectj\aspectjrt\1.9.7\aspectjrt-1.9.7.jar;C:\Users\keith.lai\.m2\repository\org\aspectj\aspectjweaver\1.9.7\aspectjweaver-1.9.7.jar;C:\Users\keith.lai\.m2\repository\org\apache\commons\commons-exec\1.3\commons-exec-1.3.jar;C:\Users\keith.lai\.m2\repository\commons-io\commons-io\2.11.0\commons-io-2.11.0.jar;C:\Users\keith.lai\.m2\repository\com\github\ben-manes\caffeine\caffeine\2.9.3\caffeine-2.9.3.jar;C:\Users\keith.lai\.m2\repository\com\google\errorprone\error_prone_annotations\2.10.0\error_prone_annotations-2.10.0.jar;C:\Users\keith.lai\.m2\repository\org\fusesource\jansi\jansi\2.4.0\jansi-2.4.0.jar;C:\Users\keith.lai\.m2\repository\io\reactivex\rxjava\1.3.8\rxjava-1.3.8.jar;C:\Users\keith.lai\.m2\repository\org\jetbrains\annotations\23.0.0\annotations-23.0.0.jar;C:\Users\keith.lai\.m2\repository\org\codehaus\groovy\groovy-templates\3.0.10\groovy-templates-3.0.10.jar;C:\Users\keith.lai\.m2\repository\org\codehaus\groovy\groovy\3.0.10\groovy-3.0.10.jar;C:\Users\keith.lai\.m2\repository\org\codehaus\groovy\groovy-xml\3.0.10\groovy-xml-3.0.10.jar;C:\Users\keith.lai\.m2\repository\com\microsoft\azure\applicationinsights-web\2.6.4\applicationinsights-web-2.6.4.jar;C:\Users\keith.lai\.m2\repository\com\microsoft\azure\azure-toolkit-auth-lib\0.35.0\azure-toolkit-auth-lib-0.35.0.jar;C:\Users\keith.lai\.m2\repository\com\azure\azure-identity\1.8.2\azure-identity-1.8.2.jar;C:\Users\keith.lai\.m2\repository\com\microsoft\azure\msal4j\1.13.7\msal4j-1.13.7.jar;C:\Users\keith.lai\.m2\repository\com\nimbusds\oauth2-oidc-sdk\9.35\oauth2-oidc-sdk-9.35.jar;C:\Users\keith.lai\.m2\repository\com\github\stephenc\jcip\jcip-annotations\1.0-1\jcip-annotations-1.0-1.jar;C:\Users\keith.lai\.m2\repository\com\nimbusds\content-type\2.2\content-type-2.2.jar;C:\Users\keith.lai\.m2\repository\com\nimbusds\lang-tag\1.6\lang-tag-1.6.jar;C:\Users\keith.lai\.m2\repository\com\nimbusds\nimbus-jose-jwt\9.22\nimbus-jose-jwt-9.22.jar;C:\Users\keith.lai\.m2\repository\com\microsoft\azure\msal4j-persistence-extension\1.1.0\msal4j-persistence-extension-1.1.0.jar;C:\Users\keith.lai\.m2\repository\net\java\dev\jna\jna\5.5.0\jna-5.5.0.jar;C:\Users\keith.lai\.m2\repository\net\java\dev\jna\jna-platform\5.6.0\jna-platform-5.6.0.jar;C:\Users\keith.lai\.m2\repository\me\alexpanov\free-port-finder\1.1.1\free-port-finder-1.1.1.jar;C:\Users\keith.lai\.m2\repository\org\reflections\reflections\0.10.2\reflections-0.10.2.jar;C:\Users\keith.lai\.m2\repository\org\javassist\javassist\3.28.0-GA\javassist-3.28.0-GA.jar;C:\Users\keith.lai\.m2\repository\com\github\zafarkhaja\java-semver\0.9.0\java-semver-0.9.0.jar;C:\Users\keith.lai\.m2\repository\org\zeroturnaround\zt-zip\1.15\zt-zip-1.15.jar;C:\Users\keith.lai\.m2\repository\commons-net\commons-net\3.9.0\commons-net-3.9.0.jar;C:\Users\keith.lai\.m2\repository\com\microsoft\azure\azure-toolkit-applicationinsights-lib\0.35.0\azure-toolkit-applicationinsights-lib-0.35.0.jar;C:\Users\keith.lai\.m2\repository\org\projectlombok\lombok\1.18.24\lombok-1.18.24.jar;C:\Users\keith.lai\.m2\repository\com\azure\resourcemanager\azure-resourcemanager-applicationinsights\1.0.0-beta.5\azure-resourcemanager-applicationinsights-1.0.0-beta.5.jar;C:\Users\keith.lai\.m2\repository\com\azure\resourcemanager\azure-resourcemanager-loganalytics\1.0.0-beta.3\azure-resourcemanager-loganalytics-1.0.0-beta.3.jar;C:\Users\keith.lai\.m2\repository\com\microsoft\azure\azure-toolkit-monitor-lib\0.35.0\azure-toolkit-monitor-lib-0.35.0.jar;C:\Users\keith.lai\.m2\repository\com\azure\azure-monitor-query\1.0.10\azure-monitor-query-1.0.10.jar;C:\Users\keith.lai\.m2\repository\com\microsoft\azure\azure-toolkit-storage-lib\0.35.0\azure-toolkit-storage-lib-0.35.0.jar;C:\Users\keith.lai\.m2\repository\com\azure\azure-storage-file-share\12.15.1\azure-storage-file-share-12.15.1.jar;C:\Users\keith.lai\.m2\repository\com\azure\azure-storage-queue\12.14.2\azure-storage-queue-12.14.2.jar;C:\Users\keith.lai\.m2\repository\com\azure\azure-data-tables\12.3.4\azure-data-tables-12.3.4.jar;C:\Users\keith.lai\.m2\repository\com\microsoft\azure\azure-toolkit-servicelinker-lib\0.35.0\azure-toolkit-servicelinker-lib-0.35.0.jar;C:\Users\keith.lai\.m2\repository\com\azure\resourcemanager\azure-resourcemanager-servicelinker\1.0.0-beta.2\azure-resourcemanager-servicelinker-1.0.0-beta.2.jar;C:\Users\keith.lai\.m2\repository\org\dom4j\dom4j\2.1.3\dom4j-2.1.3.jar;C:\Users\keith.lai\.m2\repository\org\apache\commons\commons-collections4\4.4\commons-collections4-4.4.jar;C:\Users\keith.lai\.m2\repository\org\apache\maven\maven-plugin-api\3.3.3\maven-plugin-api-3.3.3.jar;C:\Users\keith.lai\.m2\repository\org\apache\maven\maven-artifact\3.3.3\maven-artifact-3.3.3.jar;C:\Users\keith.lai\.m2\repository\org\eclipse\sisu\org.eclipse.sisu.plexus\0.3.0\org.eclipse.sisu.plexus-0.3.0.jar;C:\Users\keith.lai\.m2\repository\javax\enterprise\cdi-api\1.0\cdi-api-1.0.jar;C:\Users\keith.lai\.m2\repository\javax\annotation\jsr250-api\1.0\jsr250-api-1.0.jar;C:\Users\keith.lai\.m2\repository\javax\inject\javax.inject\1\javax.inject-1.jar;C:\Users\keith.lai\.m2\repository\org\eclipse\sisu\org.eclipse.sisu.inject\0.3.0\org.eclipse.sisu.inject-0.3.0.jar;C:\Users\keith.lai\.m2\repository\org\codehaus\plexus\plexus-component-annotations\1.5.5\plexus-component-annotations-1.5.5.jar;C:\Users\keith.lai\.m2\repository\org\codehaus\plexus\plexus-classworlds\2.5.2\plexus-classworlds-2.5.2.jar;C:\Users\keith.lai\.m2\repository\org\apache\maven\maven-settings\3.3.3\maven-settings-3.3.3.jar;C:\Users\keith.lai\.m2\repository\org\apache\maven\maven-model\3.3.3\maven-model-3.3.3.jar;C:\Users\keith.lai\.m2\repository\org\codehaus\plexus\plexus-utils\3.4.2\plexus-utils-3.4.2.jar;C:\Users\keith.lai\.m2\repository\com\microsoft\azure\azure-maven-plugin-lib\1.31.0\azure-maven-plugin-lib-1.31.0.jar;C:\Users\keith.lai\.m2\repository\org\apache\maven\shared\maven-filtering\3.2.0\maven-filtering-3.2.0.jar;C:\Users\keith.lai\.m2\repository\org\apache\maven\maven-core\3.1.0\maven-core-3.1.0.jar;C:\Users\keith.lai\.m2\repository\org\apache\maven\maven-settings-builder\3.1.0\maven-settings-builder-3.1.0.jar;C:\Users\keith.lai\.m2\repository\org\apache\maven\maven-repository-metadata\3.1.0\maven-repository-metadata-3.1.0.jar;C:\Users\keith.lai\.m2\repository\org\apache\maven\maven-model-builder\3.1.0\maven-model-builder-3.1.0.jar;C:\Users\keith.lai\.m2\repository\org\apache\maven\maven-aether-provider\3.1.0\maven-aether-provider-3.1.0.jar;C:\Users\keith.lai\.m2\repository\org\eclipse\aether\aether-spi\0.9.0.M2\aether-spi-0.9.0.M2.jar;C:\Users\keith.lai\.m2\repository\org\eclipse\aether\aether-impl\0.9.0.M2\aether-impl-0.9.0.M2.jar;C:\Users\keith.lai\.m2\repository\org\eclipse\aether\aether-api\0.9.0.M2\aether-api-0.9.0.M2.jar;C:\Users\keith.lai\.m2\repository\org\eclipse\aether\aether-util\0.9.0.M2\aether-util-0.9.0.M2.jar;C:\Users\keith.lai\.m2\repository\org\sonatype\plexus\plexus-sec-dispatcher\1.3\plexus-sec-dispatcher-1.3.jar;C:\Users\keith.lai\.m2\repository\org\sonatype\plexus\plexus-cipher\1.4\plexus-cipher-1.4.jar;C:\Users\keith.lai\.m2\repository\org\apache\maven\shared\maven-shared-utils\3.3.3\maven-shared-utils-3.3.3.jar;C:\Users\keith.lai\.m2\repository\org\codehaus\plexus\plexus-interpolation\1.26\plexus-interpolation-1.26.jar;C:\Users\keith.lai\.m2\repository\org\sonatype\plexus\plexus-build-api\0.0.7\plexus-build-api-0.0.7.jar;C:\Users\keith.lai\.m2\repository\com\microsoft\azure\applicationinsights-core\2.6.4\applicationinsights-core-2.6.4.jar;C:\Users\keith.lai\.m2\repository\org\beryx\text-io\3.4.1\text-io-3.4.1.jar;C:\Users\keith.lai\.m2\repository\jline\jline\2.14.6\jline-2.14.6.jar;C:\Users\keith.lai\.m2\repository\org\beryx\awt-color-factory\1.0.1\awt-color-factory-1.0.1.jar;C:\Users\keith.lai\.m2\repository\org\glassfish\jaxb\jaxb-runtime\2.3.6\jaxb-runtime-2.3.6.jar;C:\Users\keith.lai\.m2\repository\org\glassfish\jaxb\txw2\2.3.6\txw2-2.3.6.jar;C:\Users\keith.lai\.m2\repository\com\sun\istack\istack-commons-runtime\3.0.12\istack-commons-runtime-3.0.12.jar;C:\Users\keith.lai\.m2\repository\com\sun\activation\jakarta.activation\1.2.2\jakarta.activation-1.2.2.jar;C:\Users\keith.lai\.m2\repository\com\github\java-json-tools\json-schema-validator\2.2.14\json-schema-validator-2.2.14.jar;C:\Users\keith.lai\.m2\repository\com\github\java-json-tools\jackson-coreutils-equivalence\1.0\jackson-coreutils-equivalence-1.0.jar;C:\Users\keith.lai\.m2\repository\com\github\java-json-tools\jackson-coreutils\2.0\jackson-coreutils-2.0.jar;C:\Users\keith.lai\.m2\repository\com\github\java-json-tools\msg-simple\1.2\msg-simple-1.2.jar;C:\Users\keith.lai\.m2\repository\com\github\java-json-tools\btf\1.3\btf-1.3.jar;C:\Users\keith.lai\.m2\repository\com\github\java-json-tools\json-schema-core\1.2.14\json-schema-core-1.2.14.jar;C:\Users\keith.lai\.m2\repository\com\github\java-json-tools\uri-template\0.10\uri-template-0.10.jar;C:\Users\keith.lai\.m2\repository\org\mozilla\rhino\1.7.7.2\rhino-1.7.7.2.jar;C:\Users\keith.lai\.m2\repository\com\sun\mail\mailapi\1.6.2\mailapi-1.6.2.jar;C:\Users\keith.lai\.m2\repository\joda-time\joda-time\2.10.5\joda-time-2.10.5.jar;C:\Users\keith.lai\.m2\repository\com\googlecode\libphonenumber\libphonenumber\8.11.1\libphonenumber-8.11.1.jar;C:\Users\keith.lai\.m2\repository\net\sf\jopt-simple\jopt-simple\5.0.4\jopt-simple-5.0.4.jar;C:\Users\keith.lai\.m2\repository\com\microsoft\azure\azure-appservice-maven-plugin-lib\1.31.0\azure-appservice-maven-plugin-lib-1.31.0.jar;C:\Users\keith.lai\.m2\repository\org\apache\maven\plugin-tools\maven-plugin-annotations\3.3\maven-plugin-annotations-3.3.jar;C:\Users\keith.lai\.m2\repository\com\fasterxml\jackson\dataformat\jackson-dataformat-properties\2.13.2\jackson-dataformat-properties-2.13.2.jar;C:\Users\keith.lai\.m2\repository\com\fasterxml\jackson\core\jackson-core\2.13.2\jackson-core-2.13.2.jar;C:\Users\keith.lai\.m2\repository\com\azure\resourcemanager\azure-resourcemanager-appservice\2.30.0\azure-resourcemanager-appservice-2.30.0.jar;C:\Users\keith.lai\.m2\repository\com\azure\resourcemanager\azure-resourcemanager-resources\2.30.0\azure-resourcemanager-resources-2.30.0.jar;C:\Users\keith.lai\.m2\repository\com\azure\azure-core\1.42.0\azure-core-1.42.0.jar;C:\Users\keith.lai\.m2\repository\com\azure\azure-json\1.0.1\azure-json-1.0.1.jar;C:\Users\keith.lai\.m2\repository\io\projectreactor\reactor-core\3.4.17\reactor-core-3.4.17.jar;C:\Users\keith.lai\.m2\repository\org\reactivestreams\reactive-streams\1.0.3\reactive-streams-1.0.3.jar;C:\Users\keith.lai\.m2\repository\com\azure\azure-core-management\1.11.4\azure-core-management-1.11.4.jar;C:\Users\keith.lai\.m2\repository\com\azure\resourcemanager\azure-resourcemanager-storage\2.30.0\azure-resourcemanager-storage-2.30.0.jar;C:\Users\keith.lai\.m2\repository\com\azure\resourcemanager\azure-resourcemanager-msi\2.30.0\azure-resourcemanager-msi-2.30.0.jar;C:\Users\keith.lai\.m2\repository\com\azure\resourcemanager\azure-resourcemanager-authorization\2.30.0\azure-resourcemanager-authorization-2.30.0.jar;C:\Users\keith.lai\.m2\repository\com\azure\resourcemanager\azure-resourcemanager-keyvault\2.30.0\azure-resourcemanager-keyvault-2.30.0.jar;C:\Users\keith.lai\.m2\repository\com\azure\azure-security-keyvault-keys\4.6.5\azure-security-keyvault-keys-4.6.5.jar;C:\Users\keith.lai\.m2\repository\com\azure\azure-security-keyvault-secrets\4.6.5\azure-security-keyvault-secrets-4.6.5.jar;C:\Users\keith.lai\.m2\repository\com\azure\resourcemanager\azure-resourcemanager-dns\2.30.0\azure-resourcemanager-dns-2.30.0.jar;"/>
    <property name="sun.cpu.endian" value="little"/>
    <property name="user.home" value="C:\Users\keith.lai"/>
    <property name="user.language" value="en"/>
    <property name="java.specification.vendor" value="Oracle Corporation"/>
    <property name="java.version.date" value="2023-01-17"/>
    <property name="java.home" value="C:\Users\keith.lai\AppData\Roaming\java\jdk-19.0.2"/>
    <property name="file.separator" value="\"/>
    <property name="basedir" value="C:\Users\keith.lai\git\temp\java-docs-spring-hello-world"/>
    <property name="java.vm.compressedOopsMode" value="Zero based"/>
    <property name="line.separator" value="&#10;"/>
    <property name="java.vm.specification.vendor" value="Oracle Corporation"/>
    <property name="java.specification.name" value="Java Platform API Specification"/>
    <property name="surefire.real.class.path" value="C:\Users\keith.lai\AppData\Local\Temp\surefire17251422123411669667\surefirebooter4598835249095375924.jar"/>
    <property name="user.script" value=""/>
    <property name="sun.management.compiler" value="HotSpot 64-Bit Tiered Compilers"/>
    <property name="java.runtime.version" value="19.0.2+7-44"/>
    <property name="user.name" value="keith.lai"/>
    <property name="stdout.encoding" value="Cp1252"/>
    <property name="path.separator" value=";"/>
    <property name="os.version" value="10.0"/>
    <property name="java.runtime.name" value="OpenJDK Runtime Environment"/>
    <property name="file.encoding" value="UTF-8"/>
    <property name="java.vm.name" value="OpenJDK 64-Bit Server VM"/>
    <property name="localRepository" value="C:\Users\keith.lai\.m2\repository"/>
    <property name="java.vendor.url.bug" value="https://bugreport.java.com/bugreport/"/>
    <property name="java.io.tmpdir" value="C:\Users\keith.lai\AppData\Local\Temp\"/>
    <property name="idea.version" value="2022.2.1"/>
    <property name="java.version" value="19.0.2"/>
    <property name="user.dir" value="C:\Users\keith.lai\git\temp\java-docs-spring-hello-world"/>
    <property name="os.arch" value="amd64"/>
    <property name="java.vm.specification.name" value="Java Virtual Machine Specification"/>
    <property name="user.language.format" value="zh"/>
    <property name="sun.os.patch.level" value=""/>
    <property name="native.encoding" value="Cp1252"/>
    <property name="java.library.path" value="C:\Users\keith.lai\AppData\Roaming\java\jdk-19.0.2\bin;C:\WINDOWS\Sun\Java\bin;C:\WINDOWS\system32;C:\WINDOWS;C:\WINDOWS\system32;C:\WINDOWS;C:\WINDOWS\System32\Wbem;C:\WINDOWS\System32\WindowsPowerShell\v1.0\;C:\WINDOWS\System32\OpenSSH\;C:\Users\keith.lai\AppData\Local\Microsoft\WindowsApps;C:\Users\keith.lai\AppData\Local\JetBrains\IntelliJ IDEA Community Edition 2022.2.1\bin;;C:\Users\keith.lai\AppData\Local\Programs\Git\cmd;C:\Users\keith.lai\AppData\Local\Programs\Microsoft VS Code\bin;."/>
    <property name="java.vm.info" value="mixed mode, sharing"/>
    <property name="stderr.encoding" value="Cp1252"/>
    <property name="java.vendor" value="Oracle Corporation"/>
    <property name="java.vm.version" value="19.0.2+7-44"/>
    <property name="sun.io.unicode.encoding" value="UnicodeLittle"/>
    <property name="java.class.version" value="63.0"/>
  </properties>
  <testcase name="contextLoads" classname="com.example.demo.DemoApplicationTests" time="0.199"/>
</testsuite>